<?xml version="1.0" encoding="UTF-8"?>
<robot generator="Robot 4.1 (Python 3.7.3 on win32)" generated="20210808 12:56:23.871" rpa="false" schemaversion="2">
<suite id="s1" name="用例层" source="E:\PycharmProject\test2\WnTest\用例层">
<suite id="s1-s1" name="测试接口" source="E:\PycharmProject\test2\WnTest\用例层\测试接口">
<suite id="s1-s1-s1" name="findPharmacyDept用例" source="E:\PycharmProject\test2\WnTest\用例层\测试接口\findPharmacyDept用例.robot">
<kw name="{初始化host地址}" library="初始化操作" type="SETUP">
<kw name="获取host地址" library="配置文件读取">
<var>${value}</var>
<kw name="获取配置文件" library="配置文件读取">
<var>${value}</var>
<arg>server</arg>
<arg>host</arg>
<kw name="Run Keyword If" library="BuiltIn">
<arg>"${CONF_DATA}"==""</arg>
<arg>所有配置文件值</arg>
<doc>Runs the given keyword with the given arguments, if ``condition`` is true.</doc>
<kw name="所有配置文件值" library="配置文件读取">
<kw name="获取配置文件路径" library="配置文件读取">
<var>${config_path}</var>
<kw name="Wnconfigini Config Path" library="WnLibraryV3">
<var>${config_path}</var>
<msg timestamp="20210808 12:56:24.233" level="INFO">2021-08-08 12:56:24#####wnconfigini_config_path获取文件路径成功：E:\PycharmProject\test2\venv\Scripts\rf_log.log1操作层\config.ini</msg>
<msg timestamp="20210808 12:56:24.243" level="INFO">${config_path} = E:\PycharmProject\test2\venv\Scripts\rf_log.log1操作层\config.ini</msg>
<status status="PASS" starttime="20210808 12:56:24.233" endtime="20210808 12:56:24.243"/>
</kw>
<msg timestamp="20210808 12:56:24.243" level="INFO">${config_path} = E:\PycharmProject\test2\venv\Scripts\rf_log.log1操作层\config.ini</msg>
<status status="PASS" starttime="20210808 12:56:24.233" endtime="20210808 12:56:24.243"/>
</kw>
<kw name="Wnconfigini Get All" library="WnLibraryV3">
<var>${value_dict}</var>
<arg>${config_path}</arg>
<msg timestamp="20210808 12:56:24.244" level="INFO">${value_dict} = {}</msg>
<status status="PASS" starttime="20210808 12:56:24.243" endtime="20210808 12:56:24.244"/>
</kw>
<kw name="Set Global Variable" library="BuiltIn">
<arg>${CONF_DATA}</arg>
<arg>${value_dict}</arg>
<doc>Makes a variable available globally in all tests and suites.</doc>
<msg timestamp="20210808 12:56:24.244" level="INFO">${CONF_DATA} = {}</msg>
<status status="PASS" starttime="20210808 12:56:24.244" endtime="20210808 12:56:24.244"/>
</kw>
<kw name="Run Keyword If" library="BuiltIn">
<arg>"${CONF_DATA}"!=None</arg>
<arg>log</arg>
<arg>配置文件读取.所有配置文件值获取成功：${CONF_DATA}</arg>
<doc>Runs the given keyword with the given arguments, if ``condition`` is true.</doc>
<kw name="Log" library="BuiltIn">
<arg>配置文件读取.所有配置文件值获取成功：${CONF_DATA}</arg>
<doc>Logs the given message with the given level.</doc>
<msg timestamp="20210808 12:56:24.245" level="INFO">配置文件读取.所有配置文件值获取成功：{}</msg>
<status status="PASS" starttime="20210808 12:56:24.245" endtime="20210808 12:56:24.245"/>
</kw>
<status status="PASS" starttime="20210808 12:56:24.244" endtime="20210808 12:56:24.245"/>
</kw>
<status status="PASS" starttime="20210808 12:56:24.233" endtime="20210808 12:56:24.245"/>
</kw>
<status status="PASS" starttime="20210808 12:56:24.233" endtime="20210808 12:56:24.245"/>
</kw>
<msg timestamp="20210808 12:56:24.246" level="FAIL">Replacing variables from keyword return value failed: Dictionary '${CONF_DATA}' has no key 'server'.</msg>
<status status="FAIL" starttime="20210808 12:56:24.232" endtime="20210808 12:56:24.246"/>
</kw>
<status status="FAIL" starttime="20210808 12:56:24.232" endtime="20210808 12:56:24.246"/>
</kw>
<kw name="Set Global Variable" library="BuiltIn">
<arg>${HOST}</arg>
<arg>${value}</arg>
<doc>Makes a variable available globally in all tests and suites.</doc>
<status status="NOT RUN" starttime="20210808 12:56:24.246" endtime="20210808 12:56:24.246"/>
</kw>
<status status="FAIL" starttime="20210808 12:56:24.232" endtime="20210808 12:56:24.246"/>
</kw>
<test id="s1-s1-s1-t1" name="用户登录">
<status status="FAIL" starttime="20210808 12:56:24.246" endtime="20210808 12:56:24.247">Parent suite setup failed:
Replacing variables from keyword return value failed: Dictionary '${CONF_DATA}' has no key 'server'.</status>
</test>
<test id="s1-s1-s1-t2" name="findPharmacyDept_正确入参">
<status status="FAIL" starttime="20210808 12:56:24.247" endtime="20210808 12:56:24.248">Parent suite setup failed:
Replacing variables from keyword return value failed: Dictionary '${CONF_DATA}' has no key 'server'.</status>
</test>
<test id="s1-s1-s1-t3" name="findPharmacyDept_data未传">
<status status="FAIL" starttime="20210808 12:56:24.248" endtime="20210808 12:56:24.249">Parent suite setup failed:
Replacing variables from keyword return value failed: Dictionary '${CONF_DATA}' has no key 'server'.</status>
</test>
<status status="FAIL" starttime="20210808 12:56:23.892" endtime="20210808 12:56:24.249">Suite setup failed:
Replacing variables from keyword return value failed: Dictionary '${CONF_DATA}' has no key 'server'.</status>
</suite>
<status status="FAIL" starttime="20210808 12:56:23.890" endtime="20210808 12:56:24.259"/>
</suite>
<status status="FAIL" starttime="20210808 12:56:23.873" endtime="20210808 12:56:24.262"/>
</suite>
<statistics>
<total>
<stat pass="0" fail="3" skip="0">All Tests</stat>
</total>
<tag>
</tag>
<suite>
<stat pass="0" fail="3" skip="0" id="s1" name="用例层">用例层</stat>
<stat pass="0" fail="3" skip="0" id="s1-s1" name="测试接口">用例层.测试接口</stat>
<stat pass="0" fail="3" skip="0" id="s1-s1-s1" name="findPharmacyDept用例">用例层.测试接口.findPharmacyDept用例</stat>
</suite>
</statistics>
<errors>
</errors>
</robot>
